<?xml version="1.0" encoding="UTF-8" ?>
<testsuite errors="0" failures="0" hostname="elmimille6-pc" name="tests.Tests" skipped="0" tests="11" time="4.59" timestamp="2015-05-06T10:24:17">
  <properties>
    <property name="default.javac.source" value="1.8" />
    <property name="file.encoding.pkg" value="sun.io" />
    <property name="javac.source" value="1.8" />
    <property name="testng.debug.mode" value="" />
    <property name="java.home" value="E:\PROGRAM\Java\jdk1.8.0_45\jre" />
    <property name="libs.eclipselinkmodelgen.classpath" value="E:\PROGRAM (x86)\NetBeans 8.0.2\java\modules\ext\eclipselink\org.eclipse.persistence.jpa.modelgen_2.5.2.v20140319-9ad6abd.jar" />
    <property name="libs.hibernate4-support.javadoc" value="E:\PROGRAM (x86)\NetBeans 8.0.2\java\modules\ext\docs\javax.persistence-2.1.0-doc.zip" />
    <property name="test.src.dir" value="test" />
    <property name="libs.JAXB-ENDORSED.javadoc" value="" />
    <property name="ant.file.projet_ba1-impl" value="E:\giuliano\Documents\ecole\PROJET\git\projetba1\projetba1\projetStratego\nbproject\build-impl.xml" />
    <property name="libs.jaxws21.src" value="" />
    <property name="javadoc.version" value="false" />
    <property name="libs.CopyLibs.classpath" value="E:\PROGRAM (x86)\NetBeans 8.0.2\java\ant\extra\org-netbeans-modules-java-j2seproject-copylibstask.jar" />
    <property name="libs.hibernate4-support.classpath" value="E:\PROGRAM (x86)\NetBeans 8.0.2\java\modules\ext\hibernate4\antlr-2.7.7.jar;E:\PROGRAM (x86)\NetBeans 8.0.2\java\modules\ext\hibernate4\c3p0-0.9.2.1.jar;E:\PROGRAM (x86)\NetBeans 8.0.2\java\modules\ext\hibernate4\hibernate-c3p0-4.3.1.Final.jar;E:\PROGRAM (x86)\NetBeans 8.0.2\java\modules\ext\hibernate4\mchange-commons-java-0.2.3.4.jar;E:\PROGRAM (x86)\NetBeans 8.0.2\java\modules\ext\hibernate4\dom4j-1.6.1.jar;E:\PROGRAM (x86)\NetBeans 8.0.2\java\modules\ext\hibernate4\ehcache-core-2.4.3.jar;E:\PROGRAM (x86)\NetBeans 8.0.2\java\modules\ext\hibernate4\hibernate-ehcache-4.3.1.Final.jar;E:\PROGRAM (x86)\NetBeans 8.0.2\java\modules\ext\hibernate4\hibernate-core-4.3.1.Final.jar;E:\PROGRAM (x86)\NetBeans 8.0.2\java\modules\ext\hibernate4\jboss-logging-3.1.3.GA.jar;E:\PROGRAM (x86)\NetBeans 8.0.2\java\modules\ext\hibernate4\hibernate-commons-annotations-4.0.4.Final.jar;E:\PROGRAM (x86)\NetBeans 8.0.2\java\modules\ext\hibernate4\hibernate-entitymanager-4.3.1.Final.jar;E:\PROGRAM (x86)\NetBeans 8.0.2\java\modules\ext\hibernate4\javassist-3.18.1-GA.jar;E:\PROGRAM (x86)\NetBeans 8.0.2\java\modules\ext\hibernate4\jboss-transaction-api_1.2_spec-1.0.0.Final.jar;E:\PROGRAM (x86)\NetBeans 8.0.2\java\modules\ext\hibernate4\slf4j-api-1.6.1.jar;E:\PROGRAM (x86)\NetBeans 8.0.2\java\modules\ext\hibernate4\slf4j-simple-1.6.1.jar" />
    <property name="libs.javac-api.src" value="" />
    <property name="ant.file.type.projet_ba1-impl" value="file" />
    <property name="java.endorsed.dirs" value="E:\PROGRAM\Java\jdk1.8.0_45\jre\lib\endorsed" />
    <property name="libs.MySQLDriver.classpath" value="E:\PROGRAM (x86)\NetBeans 8.0.2\ide\modules\ext\mysql-connector-java-5.1.23-bin.jar" />
    <property name="libs.jaxb.javadoc" value="E:\PROGRAM (x86)\NetBeans 8.0.2\ide\docs\jaxb-api-doc.zip" />
    <property name="libs.junit.maven-pom" value="" />
    <property name="libs.PostgreSQLDriver.src" value="" />
    <property name="src.code.dir" value="code" />
    <property name="debug-args-line" value="-Xdebug" />
    <property name="build.sysclasspath" value="ignore" />
    <property name="have.sources" value="true" />
    <property name="includes" value="**" />
    <property name="javac.fork" value="false" />
    <property name="source.encoding" value="ISO-8859-1" />
    <property name="libs.jaxws21.classpath" value="E:\PROGRAM (x86)\NetBeans 8.0.2\ide\modules\ext\jaxb\jaxb-impl.jar;E:\PROGRAM (x86)\NetBeans 8.0.2\ide\modules\ext\jaxb\jaxb-xjc.jar;E:\PROGRAM (x86)\NetBeans 8.0.2\java\modules\ext\jaxws22\FastInfoset.jar;E:\PROGRAM (x86)\NetBeans 8.0.2\java\modules\ext\jaxws22\gmbal-api-only.jar;E:\PROGRAM (x86)\NetBeans 8.0.2\java\modules\ext\jaxws22\ha-api.jar;E:\PROGRAM (x86)\NetBeans 8.0.2\java\modules\ext\jaxws22\javax.mail_1.4.jar;E:\PROGRAM (x86)\NetBeans 8.0.2\java\modules\ext\jaxws22\jaxws-rt.jar;E:\PROGRAM (x86)\NetBeans 8.0.2\java\modules\ext\jaxws22\jaxws-tools.jar;E:\PROGRAM (x86)\NetBeans 8.0.2\java\modules\ext\jaxws22\management-api.jar;E:\PROGRAM (x86)\NetBeans 8.0.2\java\modules\ext\jaxws22\mimepull.jar;E:\PROGRAM (x86)\NetBeans 8.0.2\java\modules\ext\jaxws22\policy.jar;E:\PROGRAM (x86)\NetBeans 8.0.2\java\modules\ext\jaxws22\saaj-impl.jar;E:\PROGRAM (x86)\NetBeans 8.0.2\java\modules\ext\jaxws22\stax-ex.jar;E:\PROGRAM (x86)\NetBeans 8.0.2\java\modules\ext\jaxws22\stax2-api.jar;E:\PROGRAM (x86)\NetBeans 8.0.2\java\modules\ext\jaxws22\streambuffer.jar;E:\PROGRAM (x86)\NetBeans 8.0.2\java\modules\ext\jaxws22\woodstox-core-asl.jar;E:\PROGRAM (x86)\NetBeans 8.0.2\java\modules\ext\jaxws22\api\jaxws-api.jar;E:\PROGRAM (x86)\NetBeans 8.0.2\java\modules\ext\jaxws22\api\jsr181-api.jar;E:\PROGRAM (x86)\NetBeans 8.0.2\java\modules\ext\jaxws22\api\javax.annotation.jar;E:\PROGRAM (x86)\NetBeans 8.0.2\java\modules\ext\jaxws22\api\saaj-api.jar;E:\PROGRAM (x86)\NetBeans 8.0.2\ide\modules\ext\jaxb\activation.jar;E:\PROGRAM (x86)\NetBeans 8.0.2\ide\modules\ext\jaxb\api\jaxb-api.jar;E:\PROGRAM (x86)\NetBeans 8.0.2\ide\modules\ext\jaxb\api\jsr173_1.0_api.jar" />
    <property name="sun.os.patch.level" value="" />
    <property name="java.vendor.url" value="http://java.oracle.com/" />
    <property name="java.version" value="1.8.0_45" />
    <property name="sun.stdout.encoding" value="cp850" />
    <property name="libs.hibernate4-persistence.classpath" value="E:\PROGRAM (x86)\NetBeans 8.0.2\java\modules\ext\hibernate4\antlr-2.7.7.jar;E:\PROGRAM (x86)\NetBeans 8.0.2\java\modules\ext\hibernate4\c3p0-0.9.2.1.jar;E:\PROGRAM (x86)\NetBeans 8.0.2\java\modules\ext\hibernate4\hibernate-c3p0-4.3.1.Final.jar;E:\PROGRAM (x86)\NetBeans 8.0.2\java\modules\ext\hibernate4\mchange-commons-java-0.2.3.4.jar;E:\PROGRAM (x86)\NetBeans 8.0.2\java\modules\ext\hibernate4\dom4j-1.6.1.jar;E:\PROGRAM (x86)\NetBeans 8.0.2\java\modules\ext\hibernate4\ehcache-core-2.4.3.jar;E:\PROGRAM (x86)\NetBeans 8.0.2\java\modules\ext\hibernate4\hibernate-ehcache-4.3.1.Final.jar;E:\PROGRAM (x86)\NetBeans 8.0.2\java\modules\ext\hibernate4\hibernate-core-4.3.1.Final.jar;E:\PROGRAM (x86)\NetBeans 8.0.2\java\modules\ext\hibernate4\jboss-logging-3.1.3.GA.jar;E:\PROGRAM (x86)\NetBeans 8.0.2\java\modules\ext\hibernate4\hibernate-commons-annotations-4.0.4.Final.jar;E:\PROGRAM (x86)\NetBeans 8.0.2\java\modules\ext\hibernate4\hibernate-entitymanager-4.3.1.Final.jar;E:\PROGRAM (x86)\NetBeans 8.0.2\java\modules\ext\hibernate4\javassist-3.18.1-GA.jar;E:\PROGRAM (x86)\NetBeans 8.0.2\java\modules\ext\hibernate4\jboss-transaction-api_1.2_spec-1.0.0.Final.jar;E:\PROGRAM (x86)\NetBeans 8.0.2\java\modules\ext\hibernate4\slf4j-api-1.6.1.jar;E:\PROGRAM (x86)\NetBeans 8.0.2\java\modules\ext\hibernate4\slf4j-simple-1.6.1.jar;E:\PROGRAM (x86)\NetBeans 8.0.2\java\modules\ext\hibernate4\hibernate-jpa-2.1-api-1.0.0.Final.jar" />
    <property name="libs.testng.src" value="" />
    <property name="jar.classpath" value="lib/hamcrest-core-1.3.jar lib/junit-4.11.jar lib/kryonet-2.21-all.jar" />
    <property name="build.classes.dir.resolved" value="E:\giuliano\Documents\ecole\PROJET\git\projetba1\projetba1\projetStratego\build\classes" />
    <property name="javac.debug" value="true" />
    <property name="ant.file.type.projet_ba1" value="file" />
    <property name="libs.JAXB-ENDORSED.classpath" value="E:\PROGRAM (x86)\NetBeans 8.0.2\ide\modules\ext\jaxb\api\jaxb-api.jar" />
    <property name="run.classpath" value="lib\hamcrest-core-1.3.jar:lib\junit-4.11.jar:lib\kryonet-2.21-all.jar:build/classes" />
    <property name="libs.PostgreSQLDriver.maven-pom" value="" />
    <property name="java.vendor.url.bug" value="http://bugreport.sun.com/bugreport/" />
    <property name="libs.eclipselink.javadoc" value="E:\PROGRAM (x86)\NetBeans 8.0.2\java\modules\ext\docs\javax.persistence-2.1.0-doc.zip" />
    <property name="libs.absolutelayout.javadoc" value="" />
    <property name="libs.junit_4.maven-pom" value="" />
    <property name="ant.project.invoked-targets" value="test" />
    <property name="annotation.processing.run.all.processors" value="true" />
    <property name="manifest.file" value="manifest.mf" />
    <property name="user.name" value="giuliano" />
    <property name="libs.testng.maven-pom" value="" />
    <property name="libs.eclipselinkmodelgen.src" value="" />
    <property name="empty.dir" value="E:\giuliano\Documents\ecole\PROJET\git\projetba1\projetba1\projetStratego\build\empty" />
    <property name="sun.io.unicode.encoding" value="UnicodeLittle" />
    <property name="sun.jnu.encoding" value="Cp1252" />
    <property name="java.runtime.name" value="Java(TM) SE Runtime Environment" />
    <property name="application.vendor" value="giuliano" />
    <property name="main.class.available" value="true" />
    <property name="java.specification.name" value="Java Platform API Specification" />
    <property name="javadoc.author" value="false" />
    <property name="ap.proc.none.internal" value="" />
    <property name="user.timezone" value="Europe/Paris" />
    <property name="libs.swing-layout.maven-pom" value="" />
    <property name="libs.junit.javadoc" value="E:\PROGRAM (x86)\NetBeans 8.0.2\java\docs\junit-3.8.2-api.zip" />
    <property name="user.script" value="" />
    <property name="path.separator" value=";" />
    <property name="testng.mode" value="testng" />
    <property name="version-output" value="java version &quot;1.8" />
    <property name="libs.absolutelayout.classpath" value="E:\PROGRAM (x86)\NetBeans 8.0.2\java\modules\ext\AbsoluteLayout.jar" />
    <property name="file.reference.junit-4.11.jar" value="lib\junit-4.11.jar" />
    <property name="libs.jaxb.maven-pom" value="" />
    <property name="libs.spring-framework400.maven-pom" value="" />
    <property name="file.encoding" value="Cp1252" />
    <property name="libs.eclipselink.src" value="" />
    <property name="dist.javadoc.dir" value="dist/javadoc" />
    <property name="libs.spring-framework400.src" value="" />
    <property name="ant.project.default-target" value="default" />
    <property name="javac.profile.cmd.line.arg" value="" />
    <property name="libs.JAXB-ENDORSED.src" value="" />
    <property name="sun.java.command" value="org.apache.tools.ant.launch.Launcher test" />
    <property name="built-jar.properties" value="E:\giuliano\Documents\ecole\PROJET\git\projetba1\projetba1\projetStratego\build\built-jar.properties" />
    <property name="libs.junit.src" value="" />
    <property name="ant.file" value="E:\giuliano\Documents\ecole\PROJET\git\projetba1\projetba1\projetStratego\build.xml" />
    <property name="libs.junit_4.src" value="E:\PROGRAM (x86)\NetBeans 8.0.2\java\docs\junit-4.10-sources.jar" />
    <property name="junit.available" value="true" />
    <property name="do.jar" value="true" />
    <property name="java.io.tmpdir" value="C:\Users\giuliano\AppData\Local\Temp\" />
    <property name="build.test.results.dir" value="build/test/results" />
    <property name="user.language" value="fr" />
    <property name="libs.jpa20-persistence.classpath" value="E:\PROGRAM (x86)\NetBeans 8.0.2\java\modules\ext\eclipselink\javax.persistence_2.1.0.v201304241213.jar" />
    <property name="libs.spring-framework300.src" value="" />
    <property name="line.separator" value="&#xd;&#xa;" />
    <property name="libs.absolutelayout.src" value="" />
    <property name="javac.compilerargs" value="" />
    <property name="ant.file.type" value="file" />
    <property name="jar.compress" value="false" />
    <property name="debug-transport-by-os" value="dt_shmem" />
    <property name="libs.JWSAntTasks.src" value="" />
    <property name="java.vm.info" value="mixed mode" />
    <property name="libs.javac-api.maven-pom" value="" />
    <property name="javadoc.private" value="false" />
    <property name="annotation.processing.processors.list" value="" />
    <property name="sun.desktop" value="windows" />
    <property name="java.vm.specification.name" value="Java Virtual Machine Specification" />
    <property name="build.test.classes.dir" value="build/test/classes" />
    <property name="libs.jaxb.src" value="" />
    <property name="libs.MySQLDriver.javadoc" value="" />
    <property name="test.binaryexcludes" value="" />
    <property name="libs.beans-binding.javadoc" value="E:\PROGRAM (x86)\NetBeans 8.0.2\java\docs\beansbinding-1.2.1-doc.zip" />
    <property name="platform.active" value="default_platform" />
    <property name="libs.jpa2-persistence.javadoc" value="E:\PROGRAM (x86)\NetBeans 8.0.2\java\modules\ext\docs\javax.persistence-2.1.0-doc.zip" />
    <property name="ap.cmd.line.internal" value="" />
    <property name="jdkBug6558476" value="false" />
    <property name="libs.jpa2-persistence.src" value="" />
    <property name="libs.spring-framework300.classpath" value="E:\PROGRAM (x86)\NetBeans 8.0.2\ide\modules\org-apache-commons-logging.jar;E:\PROGRAM (x86)\NetBeans 8.0.2\java\modules\ext\cglib-2.2.jar;E:\PROGRAM (x86)\NetBeans 8.0.2\java\modules\ext\spring-3.0\spring-aop-3.2.7.RELEASE.jar;E:\PROGRAM (x86)\NetBeans 8.0.2\java\modules\ext\spring-3.0\spring-aspects-3.2.7.RELEASE.jar;E:\PROGRAM (x86)\NetBeans 8.0.2\java\modules\ext\spring-3.0\spring-beans-3.2.7.RELEASE.jar;E:\PROGRAM (x86)\NetBeans 8.0.2\java\modules\ext\spring-3.0\spring-build-src-3.2.7.RELEASE.jar;E:\PROGRAM (x86)\NetBeans 8.0.2\java\modules\ext\spring-3.0\spring-context-3.2.7.RELEASE.jar;E:\PROGRAM (x86)\NetBeans 8.0.2\java\modules\ext\spring-3.0\spring-context-support-3.2.7.RELEASE.jar;E:\PROGRAM (x86)\NetBeans 8.0.2\java\modules\ext\spring-3.0\spring-core-3.2.7.RELEASE.jar;E:\PROGRAM (x86)\NetBeans 8.0.2\java\modules\ext\spring-3.0\spring-expression-3.2.7.RELEASE.jar;E:\PROGRAM (x86)\NetBeans 8.0.2\java\modules\ext\spring-3.0\spring-framework-bom-3.2.7.RELEASE.jar;E:\PROGRAM (x86)\NetBeans 8.0.2\java\modules\ext\spring-3.0\spring-instrument-3.2.7.RELEASE.jar;E:\PROGRAM (x86)\NetBeans 8.0.2\java\modules\ext\spring-3.0\spring-instrument-tomcat-3.2.7.RELEASE.jar;E:\PROGRAM (x86)\NetBeans 8.0.2\java\modules\ext\spring-3.0\spring-jdbc-3.2.7.RELEASE.jar;E:\PROGRAM (x86)\NetBeans 8.0.2\java\modules\ext\spring-3.0\spring-jms-3.2.7.RELEASE.jar;E:\PROGRAM (x86)\NetBeans 8.0.2\java\modules\ext\spring-3.0\spring-orm-3.2.7.RELEASE.jar;E:\PROGRAM (x86)\NetBeans 8.0.2\java\modules\ext\spring-3.0\spring-oxm-3.2.7.RELEASE.jar;E:\PROGRAM (x86)\NetBeans 8.0.2\java\modules\ext\spring-3.0\spring-struts-3.2.7.RELEASE.jar;E:\PROGRAM (x86)\NetBeans 8.0.2\java\modules\ext\spring-3.0\spring-test-3.2.7.RELEASE.jar;E:\PROGRAM (x86)\NetBeans 8.0.2\java\modules\ext\spring-3.0\spring-tx-3.2.7.RELEASE.jar;E:\PROGRAM (x86)\NetBeans 8.0.2\java\modules\ext\spring-3.0\spring-web-3.2.7.RELEASE.jar;E:\PROGRAM (x86)\NetBeans 8.0.2\java\modules\ext\spring-3.0\spring-webmvc-3.2.7.RELEASE.jar;E:\PROGRAM (x86)\NetBeans 8.0.2\java\modules\ext\spring-3.0\spring-webmvc-portlet-3.2.7.RELEASE.jar" />
    <property name="libs.junit_4.javadoc" value="E:\PROGRAM (x86)\NetBeans 8.0.2\java\docs\junit-4.10-javadoc.jar" />
    <property name="endorsed.classpath" value="" />
    <property name="libs.hibernate4-persistencemodelgen.maven-pom" value="" />
    <property name="libs.beans-binding.maven-pom" value="" />
    <property name="do.mkdist" value="true" />
    <property name="javadoc.encoding" value="ISO-8859-1" />
    <property name="java.awt.printerjob" value="sun.awt.windows.WPrinterJob" />
    <property name="ap.processors.internal" value="" />
    <property name="do.archive" value="true" />
    <property name="libs.jpa2-persistence.classpath" value="E:\PROGRAM (x86)\NetBeans 8.0.2\java\modules\ext\hibernate4\hibernate-jpa-2.1-api-1.0.0.Final.jar" />
    <property name="dist.jar" value="dist/projet_ba1.jar" />
    <property name="meta.inf.dir" value="${src.dir}/META-INF" />
    <property name="ant.version" value="Apache Ant(TM) version 1.9.4 compiled on April 29 2014" />
    <property name="javadoc.nonavbar" value="false" />
    <property name="libs.jpa20-persistence.src" value="" />
    <property name="user.properties.file" value="C:\Users\giuliano\AppData\Roaming\NetBeans\8.0.2\build.properties" />
    <property name="libs.hibernate4-persistence.src" value="" />
    <property name="libs.JWSAntTasks.classpath" value="E:\PROGRAM (x86)\NetBeans 8.0.2\java\ant\extra\org-netbeans-modules-javawebstart-anttasks.jar" />
    <property name="annotation.processing.source.output" value="build/generated-sources/ap-source-output" />
    <property name="libs.CopyLibs.maven-pom" value="" />
    <property name="build.generated.dir" value="build/generated" />
    <property name="libs.eclipselink.maven-pom" value="" />
    <property name="os.name" value="Windows 8.1" />
    <property name="java.specification.vendor" value="Oracle Corporation" />
    <property name="run.test.classpath" value="lib\hamcrest-core-1.3.jar:lib\junit-4.11.jar:lib\kryonet-2.21-all.jar:build/classes:build/test/classes" />
    <property name="do.archive+main.class.available" value="true" />
    <property name="java.vm.name" value="Java HotSpot(TM) 64-Bit Server VM" />
    <property name="libs.CopyLibs.src" value="" />
    <property name="libs.junit.classpath" value="E:\PROGRAM (x86)\NetBeans 8.0.2\java\modules\ext\junit-3.8.2.jar" />
    <property name="libs.beans-binding.src" value="" />
    <property name="java.library.path" value="E:\PROGRAM\Java\jdk1.8.0_45\jre\bin;C:\Windows\Sun\Java\bin;C:\Windows\system32;C:\Windows;C:\Program Files (x86)\Intel\iCLS Client\;C:\Program Files\Intel\iCLS Client\;C:\Windows\system32;C:\Windows;C:\Windows\System32\Wbem;C:\Windows\System32\WindowsPowerShell\v1.0\;C:\Program Files (x86)\NVIDIA Corporation\PhysX\Common;C:\Program Files\Intel\Intel(R) Management Engine Components\DAL;C:\Program Files\Intel\Intel(R) Management Engine Components\IPT;C:\Program Files (x86)\Intel\Intel(R) Management Engine Components\DAL;C:\Program Files (x86)\Intel\Intel(R) Management Engine Components\IPT;C:\Program Files (x86)\Skype\Phone\;E:\giuliano\Documents\ecole\PROJET\apache-ant-1.9.4\bin;E:\PROGRAM\Java\jdk1.8.0_45\jre\bin;." />
    <property name="ap.supported.internal" value="true" />
    <property name="libs.PostgreSQLDriver.javadoc" value="" />
    <property name="libs.eclipselinkmodelgen.maven-pom" value="" />
    <property name="ant.java.version" value="1.8" />
    <property name="java.class.version" value="52.0" />
    <property name="javadoc.noindex" value="false" />
    <property name="basedir" value="E:\giuliano\Documents\ecole\PROJET\git\projetba1\projetba1\projetStratego" />
    <property name="dist.jar.dir" value="E:\giuliano\Documents\ecole\PROJET\git\projetba1\projetba1\projetStratego\dist" />
    <property name="javac.test.classpath" value="lib\hamcrest-core-1.3.jar:lib\junit-4.11.jar:lib\kryonet-2.21-all.jar:build/classes" />
    <property name="javac.processorpath" value="lib\hamcrest-core-1.3.jar:lib\junit-4.11.jar:lib\kryonet-2.21-all.jar" />
    <property name="ant.home" value="E:\giuliano\Documents\ecole\PROJET\apache-ant-1.9.4\bin\.." />
    <property name="javadoc.splitindex" value="true" />
    <property name="libs.hibernate4-support.maven-pom" value="" />
    <property name="javac.test.processorpath" value="lib\hamcrest-core-1.3.jar:lib\junit-4.11.jar:lib\kryonet-2.21-all.jar:build/classes" />
    <property name="libs.javac-api.javadoc" value="" />
    <property name="javadoc.preview" value="true" />
    <property name="libs.MySQLDriver.maven-pom" value="" />
    <property name="tmp.manifest.file" value="E:\giuliano\Documents\ecole\PROJET\git\projetba1\projetba1\projetStratego\build\null118616865" />
    <property name="copylibs.rebase" value="true" />
    <property name="libs.CopyLibs.javadoc" value="" />
    <property name="libs.PostgreSQLDriver.classpath" value="E:\PROGRAM (x86)\NetBeans 8.0.2\ide\modules\ext\postgresql-9.2-1002.jdbc4.jar" />
    <property name="libs.jaxws21.maven-pom" value="" />
    <property name="libs.junit_4.classpath" value="E:\PROGRAM (x86)\NetBeans 8.0.2\platform\modules\ext\junit-4.10.jar" />
    <property name="test.binarytestincludes" value="" />
    <property name="libs.hibernate4-persistence.javadoc" value="E:\PROGRAM (x86)\NetBeans 8.0.2\java\modules\ext\docs\javax.persistence-2.1.0-doc.zip" />
    <property name="dist.archive.excludes" value="" />
    <property name="sun.boot.library.path" value="E:\PROGRAM\Java\jdk1.8.0_45\jre\bin" />
    <property name="build.dir" value="build" />
    <property name="application.title" value="projet ba1" />
    <property name="sun.management.compiler" value="HotSpot 64-Bit Tiered Compilers" />
    <property name="java.awt.graphicsenv" value="sun.awt.Win32GraphicsEnvironment" />
    <property name="user.variant" value="" />
    <property name="libs.testng.classpath" value="E:\PROGRAM (x86)\NetBeans 8.0.2\platform\modules\ext\testng-6.8.1-dist.jar" />
    <property name="libs.jpa20-persistence.javadoc" value="E:\PROGRAM (x86)\NetBeans 8.0.2\java\modules\ext\docs\javax.persistence-2.1.0-doc.zip" />
    <property name="libs.hibernate4-persistence.maven-pom" value="" />
    <property name="javadoc.encoding.used" value="ISO-8859-1" />
    <property name="libs.testng.javadoc" value="E:\PROGRAM (x86)\NetBeans 8.0.2\platform\docs\testng-6.8.1-javadoc.zip" />
    <property name="javadoc.windowtitle" value="" />
    <property name="annotation.processing.enabled" value="true" />
    <property name="run.jvmargs.ide" value="" />
    <property name="libs.JAXB-ENDORSED.maven-pom" value="" />
    <property name="run.jvmargs" value="" />
    <property name="build.generated.sources.dir" value="build/generated-sources" />
    <property name="nb.junit.single" value="false" />
    <property name="ant.project.name" value="projet_ba1" />
    <property name="libs.swing-layout.classpath" value="E:\PROGRAM (x86)\NetBeans 8.0.2\platform\modules\ext\swing-layout-1.0.4.jar" />
    <property name="java.vm.specification.version" value="1.8" />
    <property name="libs.spring-framework400.classpath" value="E:\PROGRAM (x86)\NetBeans 8.0.2\ide\modules\org-apache-commons-logging.jar;E:\PROGRAM (x86)\NetBeans 8.0.2\java\modules\ext\cglib-2.2.jar;E:\PROGRAM (x86)\NetBeans 8.0.2\java\modules\ext\spring-4\spring-aop-4.0.1.RELEASE.jar;E:\PROGRAM (x86)\NetBeans 8.0.2\java\modules\ext\spring-4\spring-aspects-4.0.1.RELEASE.jar;E:\PROGRAM (x86)\NetBeans 8.0.2\java\modules\ext\spring-4\spring-beans-4.0.1.RELEASE.jar;E:\PROGRAM (x86)\NetBeans 8.0.2\java\modules\ext\spring-4\spring-build-src-4.0.1.RELEASE.jar;E:\PROGRAM (x86)\NetBeans 8.0.2\java\modules\ext\spring-4\spring-context-4.0.1.RELEASE.jar;E:\PROGRAM (x86)\NetBeans 8.0.2\java\modules\ext\spring-4\spring-context-support-4.0.1.RELEASE.jar;E:\PROGRAM (x86)\NetBeans 8.0.2\java\modules\ext\spring-4\spring-core-4.0.1.RELEASE.jar;E:\PROGRAM (x86)\NetBeans 8.0.2\java\modules\ext\spring-4\spring-expression-4.0.1.RELEASE.jar;E:\PROGRAM (x86)\NetBeans 8.0.2\java\modules\ext\spring-4\spring-framework-bom-4.0.1.RELEASE.jar;E:\PROGRAM (x86)\NetBeans 8.0.2\java\modules\ext\spring-4\spring-instrument-4.0.1.RELEASE.jar;E:\PROGRAM (x86)\NetBeans 8.0.2\java\modules\ext\spring-4\spring-instrument-tomcat-4.0.1.RELEASE.jar;E:\PROGRAM (x86)\NetBeans 8.0.2\java\modules\ext\spring-4\spring-jdbc-4.0.1.RELEASE.jar;E:\PROGRAM (x86)\NetBeans 8.0.2\java\modules\ext\spring-4\spring-jms-4.0.1.RELEASE.jar;E:\PROGRAM (x86)\NetBeans 8.0.2\java\modules\ext\spring-4\spring-messaging-4.0.1.RELEASE.jar;E:\PROGRAM (x86)\NetBeans 8.0.2\java\modules\ext\spring-4\spring-orm-4.0.1.RELEASE.jar;E:\PROGRAM (x86)\NetBeans 8.0.2\java\modules\ext\spring-4\spring-oxm-4.0.1.RELEASE.jar;E:\PROGRAM (x86)\NetBeans 8.0.2\java\modules\ext\spring-4\spring-test-4.0.1.RELEASE.jar;E:\PROGRAM (x86)\NetBeans 8.0.2\java\modules\ext\spring-4\spring-tx-4.0.1.RELEASE.jar;E:\PROGRAM (x86)\NetBeans 8.0.2\java\modules\ext\spring-4\spring-web-4.0.1.RELEASE.jar;E:\PROGRAM (x86)\NetBeans 8.0.2\java\modules\ext\spring-4\spring-webmvc-4.0.1.RELEASE.jar;E:\PROGRAM (x86)\NetBeans 8.0.2\java\modules\ext\spring-4\spring-webmvc-portlet-4.0.1.RELEASE.jar;E:\PROGRAM (x86)\NetBeans 8.0.2\java\modules\ext\spring-4\spring-websocket-4.0.1.RELEASE.jar" />
    <property name="libs.jaxb.classpath" value="E:\PROGRAM (x86)\NetBeans 8.0.2\ide\modules\ext\jaxb\jaxb-impl.jar;E:\PROGRAM (x86)\NetBeans 8.0.2\ide\modules\ext\jaxb\jaxb-xjc.jar;E:\PROGRAM (x86)\NetBeans 8.0.2\ide\modules\ext\jaxb\jaxb1-impl.jar;E:\PROGRAM (x86)\NetBeans 8.0.2\ide\modules\ext\jaxb\activation.jar;E:\PROGRAM (x86)\NetBeans 8.0.2\ide\modules\ext\jaxb\api\jaxb-api.jar;E:\PROGRAM (x86)\NetBeans 8.0.2\ide\modules\ext\jaxb\api\jsr173_1.0_api.jar" />
    <property name="work.dir" value="E:\giuliano\Documents\ecole\PROJET\git\projetba1\projetba1\projetStratego" />
    <property name="awt.toolkit" value="sun.awt.windows.WToolkit" />
    <property name="javadoc.use" value="true" />
    <property name="sun.cpu.isalist" value="amd64" />
    <property name="sun.stderr.encoding" value="cp850" />
    <property name="java.ext.dirs" value="E:\PROGRAM\Java\jdk1.8.0_45\jre\lib\ext;C:\Windows\Sun\Java\lib\ext" />
    <property name="os.version" value="6.3" />
    <property name="excludes" value="" />
    <property name="dist.jar.resolved" value="E:\giuliano\Documents\ecole\PROJET\git\projetba1\projetba1\projetStratego\dist\projet_ba1.jar" />
    <property name="user.home" value="C:\Users\giuliano" />
    <property name="ant.file.projet_ba1" value="E:\giuliano\Documents\ecole\PROJET\git\projetba1\projetba1\projetStratego\build.xml" />
    <property name="java.vm.vendor" value="Oracle Corporation" />
    <property name="libs.absolutelayout.maven-pom" value="" />
    <property name="user.dir" value="E:\giuliano\Documents\ecole\PROJET\git\projetba1\projetba1\projetStratego" />
    <property name="debug-transport" value="dt_shmem" />
    <property name="application.args" value="" />
    <property name="libs.hibernate4-persistencemodelgen.javadoc" value="" />
    <property name="sun.cpu.endian" value="little" />
    <property name="compile.on.save" value="true" />
    <property name="libs.eclipselinkmodelgen.javadoc" value="" />
    <property name="endorsed.classpath.cmd.line.arg" value="" />
    <property name="jar.index" value="false" />
    <property name="libs.spring-framework300.javadoc" value="" />
    <property name="libs.MySQLDriver.src" value="" />
    <property name="java.vm.version" value="25.45-b02" />
    <property name="test.binaryincludes" value="&lt;nothing&gt;" />
    <property name="libs.spring-framework400.javadoc" value="" />
    <property name="java.class.path" value="E:\giuliano\Documents\ecole\PROJET\apache-ant-1.9.4\bin\..\lib\ant-launcher.jar;E:\giuliano\Documents\ecole\PROJET\apache-ant-1.9.4\lib\ant-antlr.jar;E:\giuliano\Documents\ecole\PROJET\apache-ant-1.9.4\lib\ant-apache-bcel.jar;E:\giuliano\Documents\ecole\PROJET\apache-ant-1.9.4\lib\ant-apache-bsf.jar;E:\giuliano\Documents\ecole\PROJET\apache-ant-1.9.4\lib\ant-apache-log4j.jar;E:\giuliano\Documents\ecole\PROJET\apache-ant-1.9.4\lib\ant-apache-oro.jar;E:\giuliano\Documents\ecole\PROJET\apache-ant-1.9.4\lib\ant-apache-regexp.jar;E:\giuliano\Documents\ecole\PROJET\apache-ant-1.9.4\lib\ant-apache-resolver.jar;E:\giuliano\Documents\ecole\PROJET\apache-ant-1.9.4\lib\ant-apache-xalan2.jar;E:\giuliano\Documents\ecole\PROJET\apache-ant-1.9.4\lib\ant-commons-logging.jar;E:\giuliano\Documents\ecole\PROJET\apache-ant-1.9.4\lib\ant-commons-net.jar;E:\giuliano\Documents\ecole\PROJET\apache-ant-1.9.4\lib\ant-jai.jar;E:\giuliano\Documents\ecole\PROJET\apache-ant-1.9.4\lib\ant-javamail.jar;E:\giuliano\Documents\ecole\PROJET\apache-ant-1.9.4\lib\ant-jdepend.jar;E:\giuliano\Documents\ecole\PROJET\apache-ant-1.9.4\lib\ant-jmf.jar;E:\giuliano\Documents\ecole\PROJET\apache-ant-1.9.4\lib\ant-jsch.jar;E:\giuliano\Documents\ecole\PROJET\apache-ant-1.9.4\lib\ant-junit.jar;E:\giuliano\Documents\ecole\PROJET\apache-ant-1.9.4\lib\ant-junit4.jar;E:\giuliano\Documents\ecole\PROJET\apache-ant-1.9.4\lib\ant-launcher.jar;E:\giuliano\Documents\ecole\PROJET\apache-ant-1.9.4\lib\ant-netrexx.jar;E:\giuliano\Documents\ecole\PROJET\apache-ant-1.9.4\lib\ant-swing.jar;E:\giuliano\Documents\ecole\PROJET\apache-ant-1.9.4\lib\ant-testutil.jar;E:\giuliano\Documents\ecole\PROJET\apache-ant-1.9.4\lib\ant.jar;E:\PROGRAM\Java\jdk1.8.0_45\lib\tools.jar" />
    <property name="annotation.processing.processor.options" value="" />
    <property name="ant.library.dir" value="E:\giuliano\Documents\ecole\PROJET\apache-ant-1.9.4\lib" />
    <property name="os.arch" value="amd64" />
    <property name="javac.deprecation" value="false" />
    <property name="libs.jpa20-persistence.maven-pom" value="" />
    <property name="build.classes.excludes" value="**/*.java,**/*.form" />
    <property name="dist.dir" value="dist" />
    <property name="libs.hibernate4-support.src" value="" />
    <property name="debug.classpath" value="lib\hamcrest-core-1.3.jar:lib\junit-4.11.jar:lib\kryonet-2.21-all.jar:build/classes" />
    <property name="sun.java.launcher" value="SUN_STANDARD" />
    <property name="jar.index.metainf" value="false" />
    <property name="platform.java" value="E:\PROGRAM\Java\jdk1.8.0_45\jre/bin/java" />
    <property name="annotation.processing.enabled.in.editor" value="false" />
    <property name="file.reference.hamcrest-core-1.3.jar" value="lib\hamcrest-core-1.3.jar" />
    <property name="ant.core.lib" value="E:\giuliano\Documents\ecole\PROJET\apache-ant-1.9.4\lib\ant.jar" />
    <property name="java.vm.specification.vendor" value="Oracle Corporation" />
    <property name="do.depend" value="false" />
    <property name="file.separator" value="\" />
    <property name="libs.hibernate4-persistencemodelgen.classpath" value="E:\PROGRAM (x86)\NetBeans 8.0.2\java\modules\ext\hibernate4\hibernate-jpamodelgen-4.3.1.Final.jar" />
    <property name="java.runtime.version" value="1.8.0_45-b14" />
    <property name="debug.test.classpath" value="lib\hamcrest-core-1.3.jar:lib\junit-4.11.jar:lib\kryonet-2.21-all.jar:build/classes:build/test/classes" />
    <property name="sun.boot.class.path" value="E:\PROGRAM\Java\jdk1.8.0_45\jre\lib\resources.jar;E:\PROGRAM\Java\jdk1.8.0_45\jre\lib\rt.jar;E:\PROGRAM\Java\jdk1.8.0_45\jre\lib\sunrsasign.jar;E:\PROGRAM\Java\jdk1.8.0_45\jre\lib\jsse.jar;E:\PROGRAM\Java\jdk1.8.0_45\jre\lib\jce.jar;E:\PROGRAM\Java\jdk1.8.0_45\jre\lib\charsets.jar;E:\PROGRAM\Java\jdk1.8.0_45\jre\lib\jfr.jar;E:\PROGRAM\Java\jdk1.8.0_45\jre\classes" />
    <property name="nb.junit.batch" value="true" />
    <property name="libs.beans-binding.classpath" value="E:\PROGRAM (x86)\NetBeans 8.0.2\java\modules\ext\beansbinding-1.2.1.jar" />
    <property name="main.class" value="main.Main" />
    <property name="libs.hibernate4-persistencemodelgen.src" value="" />
    <property name="libs.JWSAntTasks.maven-pom" value="" />
    <property name="run.classpath.without.build.classes.dir" value="E:\giuliano\Documents\ecole\PROJET\git\projetba1\projetba1\projetStratego\lib\hamcrest-core-1.3.jar;E:\giuliano\Documents\ecole\PROJET\git\projetba1\projetba1\projetStratego\lib\junit-4.11.jar;E:\giuliano\Documents\ecole\PROJET\git\projetba1\projetba1\projetStratego\lib\kryonet-2.21-all.jar;" />
    <property name="libs.javac-api.classpath" value="E:\PROGRAM (x86)\NetBeans 8.0.2\java\modules\ext\nb-javac-api.jar" />
    <property name="user.country" value="FR" />
    <property name="javadoc.notree" value="false" />
    <property name="file.reference.kryonet-2.21-all.jar" value="lib\kryonet-2.21-all.jar" />
    <property name="libs.spring-framework300.maven-pom" value="" />
    <property name="libs.jaxws21.javadoc" value="E:\PROGRAM (x86)\NetBeans 8.0.2\java\docs\jaxws-api-doc.zip" />
    <property name="default.javac.target" value="1.8" />
    <property name="javadoc.additionalparam" value="" />
    <property name="javac.classpath" value="lib\hamcrest-core-1.3.jar:lib\junit-4.11.jar:lib\kryonet-2.21-all.jar" />
    <property name="build.classes.dir" value="build/classes" />
    <property name="libs.swing-layout.src" value="E:\PROGRAM (x86)\NetBeans 8.0.2\platform\docs\swing-layout-1.0.4-src.zip" />
    <property name="libs.swing-layout.javadoc" value="E:\PROGRAM (x86)\NetBeans 8.0.2\platform\docs\swing-layout-1.0.4-doc.zip" />
    <property name="java.vendor" value="Oracle Corporation" />
    <property name="javac.target" value="1.8" />
    <property name="libs.eclipselink.classpath" value="E:\PROGRAM (x86)\NetBeans 8.0.2\java\modules\ext\eclipselink\eclipselink.jar;E:\PROGRAM (x86)\NetBeans 8.0.2\java\modules\ext\eclipselink\javax.persistence_2.1.0.v201304241213.jar;E:\PROGRAM (x86)\NetBeans 8.0.2\java\modules\ext\eclipselink\org.eclipse.persistence.jpa.jpql_2.5.2.v20140319-9ad6abd.jar" />
    <property name="runtime.encoding" value="ISO-8859-1" />
    <property name="libs.jpa2-persistence.maven-pom" value="" />
    <property name="java.specification.version" value="1.8" />
    <property name="libs.JWSAntTasks.javadoc" value="" />
    <property name="sun.arch.data.model" value="64" />
    <property name="mkdist.disabled" value="false" />
  </properties>
  <testcase classname="tests.Tests" name="sixMovement" time="0.002" />
  <testcase classname="tests.Tests" name="threeMovesMajor" time="0.0" />
  <testcase classname="tests.Tests" name="majorVsLieutenant" time="0.0" />
  <testcase classname="tests.Tests" name="marshalVsBomb" time="0.0" />
  <testcase classname="tests.Tests" name="marshalVsSpy" time="0.001" />
  <testcase classname="tests.Tests" name="spyVsMarshal" time="0.0" />
  <testcase classname="tests.Tests" name="redBlocked" time="0.0" />
  <testcase classname="tests.Tests" name="blueFlagLost" time="0.0" />
  <testcase classname="tests.Tests" name="oneMoveMajor" time="0.0" />
  <testcase classname="tests.Tests" name="minerVsBomb" time="0.0" />
  <testcase classname="tests.Tests" name="marshalVsMarshal" time="0.0" />
  <system-out><![CDATA[]]></system-out>
  <system-err><![CDATA[]]></system-err>
</testsuite>
